<?xml version="1.0" encoding="UTF-8"?>
<robot generator="Robot 6.1 (Python 3.10.11 on win32)" generated="20230709 15:09:41.063" rpa="false" schemaversion="4">
<suite id="s1" name="Test2" source="C:\Users\Narine_Sirunyan\PycharmProjects\Automation_Robot\TestCases\Test2.robot">
<test id="s1-t1" name="TestCase002" line="5">
<kw name="Open Browser" library="SeleniumLibrary">
<arg>${URL2}</arg>
<arg>${browser}</arg>
<doc>Opens a new browser instance to the optional ``url``.</doc>
<msg timestamp="20230709 15:09:41.338" level="INFO">Opening browser 'Chrome' to base url 'https://thetestingworld.com/testings/'.</msg>
<status status="PASS" starttime="20230709 15:09:41.337" endtime="20230709 15:09:43.987"/>
</kw>
<kw name="Maximize Browser Window" library="SeleniumLibrary">
<doc>Maximizes current browser window.</doc>
<status status="PASS" starttime="20230709 15:09:43.988" endtime="20230709 15:09:44.111"/>
</kw>
<kw name="Select Radio Button" library="SeleniumLibrary">
<arg>add_type</arg>
<arg>office</arg>
<doc>Sets the radio button group ``group_name`` to ``value``.</doc>
<msg timestamp="20230709 15:09:44.113" level="INFO">Selecting 'office' from radio button 'add_type'.</msg>
<status status="PASS" starttime="20230709 15:09:44.112" endtime="20230709 15:09:44.318"/>
</kw>
<kw name="Sleep" library="BuiltIn">
<arg>3</arg>
<doc>Pauses the test executed for the given time.</doc>
<msg timestamp="20230709 15:09:47.324" level="INFO">Slept 3 seconds</msg>
<status status="PASS" starttime="20230709 15:09:44.319" endtime="20230709 15:09:47.324"/>
</kw>
<kw name="Select Checkbox" library="SeleniumLibrary">
<arg>terms</arg>
<doc>Selects the checkbox identified by ``locator``.</doc>
<msg timestamp="20230709 15:09:47.326" level="INFO">Selecting checkbox 'terms'.</msg>
<status status="PASS" starttime="20230709 15:09:47.325" endtime="20230709 15:09:47.428"/>
</kw>
<kw name="Sleep" library="BuiltIn">
<arg>3</arg>
<doc>Pauses the test executed for the given time.</doc>
<msg timestamp="20230709 15:09:50.444" level="INFO">Slept 3 seconds</msg>
<status status="PASS" starttime="20230709 15:09:47.429" endtime="20230709 15:09:50.444"/>
</kw>
<kw name="Close Browser" library="SeleniumLibrary">
<doc>Closes the current browser.</doc>
<status status="PASS" starttime="20230709 15:09:50.445" endtime="20230709 15:09:52.673"/>
</kw>
<status status="PASS" starttime="20230709 15:09:41.336" endtime="20230709 15:09:52.682"/>
</test>
<status status="PASS" starttime="20230709 15:09:41.068" endtime="20230709 15:09:52.685"/>
</suite>
<statistics>
<total>
<stat pass="1" fail="0" skip="0">All Tests</stat>
</total>
<tag>
</tag>
<suite>
<stat pass="1" fail="0" skip="0" id="s1" name="Test2">Test2</stat>
</suite>
</statistics>
<errors>
</errors>
</robot>
