<?xml version="1.0" encoding="UTF-8"?>
<robot generator="Robot 6.1 (Python 3.10.11 on win32)" generated="20230714 22:34:06.211" rpa="false" schemaversion="4">
<suite id="s1" name="Test3 dssi" source="C:\Users\Narine_Sirunyan\PycharmProjects\Automation_Robot\TestCases\Test3_dssi.robot">
<test id="s1-t1" name="TestCase002" line="8">
<kw name="Open Browser and Maximize" library="Resource">
<arg>${URLAU}</arg>
<arg>${browser}</arg>
<kw name="Open Browser" library="SeleniumLibrary">
<arg>${UserUrl}</arg>
<arg>${BrowserName}</arg>
<doc>Opens a new browser instance to the optional ``url``.</doc>
<msg timestamp="20230714 22:34:06.500" level="INFO">Opening browser 'Chrome' to base url 'https://dssisit.vercel.app/line-station-rail-platform/tests'.</msg>
<status status="PASS" starttime="20230714 22:34:06.499" endtime="20230714 22:34:08.368"/>
</kw>
<kw name="Maximize Browser Window" library="SeleniumLibrary">
<doc>Maximizes current browser window.</doc>
<status status="PASS" starttime="20230714 22:34:08.368" endtime="20230714 22:34:08.478"/>
</kw>
<status status="PASS" starttime="20230714 22:34:06.499" endtime="20230714 22:34:08.478"/>
</kw>
<kw name="Input Text" library="SeleniumLibrary">
<arg>name:_vercel_password</arg>
<arg>${sit_pass}</arg>
<doc>Types the given ``text`` into the text field identified by ``locator``.</doc>
<msg timestamp="20230714 22:34:08.479" level="INFO">Typing text 'MX_Signatures_DSSI' into text field 'name:_vercel_password'.</msg>
<status status="PASS" starttime="20230714 22:34:08.478" endtime="20230714 22:34:08.576"/>
</kw>
<kw name="Click Button" library="SeleniumLibrary">
<arg>class:submit</arg>
<doc>Clicks the button identified by ``locator``.</doc>
<msg timestamp="20230714 22:34:08.577" level="INFO">Clicking button 'class:submit'.</msg>
<status status="PASS" starttime="20230714 22:34:08.577" endtime="20230714 22:34:12.491"/>
</kw>
<kw name="Page Should Contain Element" library="SeleniumLibrary">
<arg>xpath://*[@id="__next"]/main/header/div[1]/div[1]/div[1]</arg>
<doc>Verifies that element ``locator`` is found on the current page.</doc>
<msg timestamp="20230714 22:34:12.512" level="INFO">Current page contains element 'xpath://*[@id="__next"]/main/header/div[1]/div[1]/div[1]'.</msg>
<status status="PASS" starttime="20230714 22:34:12.491" endtime="20230714 22:34:12.512"/>
</kw>
<kw name="GET" library="RequestsLibrary">
<var>${response}</var>
<arg>${URLAU}</arg>
<arg>${browser}</arg>
<doc>Sends a GET request.</doc>
<msg timestamp="20230714 22:34:12.808" level="INFO">GET Request : url=https://dssisit.vercel.app/line-station-rail-platform/tests?Chrome 
 path_url=/line-station-rail-platform/tests?Chrome 
 headers={'User-Agent': 'python-requests/2.28.1', 'Accept-Encoding': 'gzip, deflate', 'Accept': '*/*', 'Connection': 'keep-alive'} 
 body=None 
 </msg>
<msg timestamp="20230714 22:34:12.808" level="INFO">GET Response : url=https://dssisit.vercel.app/line-station-rail-platform/tests?Chrome 
 status=401, reason=Unauthorized 
 headers={'Cache-Control': 'no-store, max-age=0', 'Connection': 'keep-alive', 'Content-Length': '9780', 'Content-Type': 'text/html; charset=utf-8', 'Date': 'Fri, 14 Jul 2023 18:34:14 GMT', 'Server': 'Vercel', 'Strict-Transport-Security': 'max-age=63072000; includeSubDomains; preload', 'X-Frame-Options': 'DENY', 'X-Vercel-Cache': 'MISS', 'X-Vercel-Id': 'fra1::bhjkt-1689359654684-fbf9722081b4'} 
 body=&lt;!doctype html&gt;&lt;html lang=en&gt;&lt;meta charset=utf-8&gt;&lt;meta name=viewport content="width=device-width,initial-scale=1"&gt;&lt;title&gt;Authentication Required&lt;/title&gt;&lt;style&gt;/*!normalize.css v8.0.1 | MIT License | github.com/necolas/normalize.css*/html{line-height:1.15;-webkit-text-size-adjust:100%;height:-webkit-fill-available}body{margin:0}main{display:block}h1{font-size:2em;margin:.67em 0}hr{box-sizing:content-box;height:0;overflow:visible}pre{font-family:monospace,monospace;font-size:1em}a{background-color:#0000}abbr[title]{border-bottom:none;text-decoration:underline;text-decoration:underline dotted}b,strong{font-weight:bolder}code,kbd,samp{font-family:monospace,monospace;font-size:1em}small{font-size:80%}sub,sup{font-size:75%;line-height:0;position:relative;vertical-align:baseline}sub{bottom:-.25em}sup{top:-.5em}img{border-style:none}button,input,optgroup,select,textarea{font-family:inherit;font-size:100%;line-height:1.15;margin:0}button,input{overflow:visible}button,select{text-transform:none}[type=button],[type=reset],[type=submit],button{-webkit-appearance:button}[type=button]::-moz-focus-inner,[type=reset]::-moz-focus-inner,[type=submit]::-moz-focus-inner,button::-moz-focus-inner{border-style:none;padding:0}[type=button]:-moz-focusring,[type=reset]:-moz-focusring,[type=submit]:-moz-focusring,button:-moz-focusring{outline:1px dotted ButtonText}fieldset{padding:.35em .75em .625em}legend{box-sizing:border-box;color:inherit;display:table;max-width:100%;padding:0;white-space:normal}progress{vertical-align:baseline}textarea{overflow:auto}[type=checkbox],[type=radio]{box-sizing:border-box;padding:0}[type=number]::-webkit-inner-spin-button,[type=number]::-webkit-outer-spin-button{height:auto}[type=search]{-webkit-appearance:textfield;outline-offset:-2px}[type=search]::-webkit-search-decoration{-webkit-appearance:none}::-webkit-file-upload-button{-webkit-appearance:button;font:inherit}details{display:block}summary{display:list-item}template{display:none}[hidden]{display:none}*,*:before,*:after{box-sizing:border-box}body{align-items:center;background:#fafafa;display:flex;font-family:-apple-system,BlinkMacSystemFont,segoe ui,roboto,oxygen,ubuntu,cantarell,fira sans,droid sans,helvetica neue,sans-serif;height:100vh;height:-webkit-fill-available;justify-content:center;max-height:100vh;max-height:-webkit-fill-available;min-height:100vh;min-height:-webkit-fill-available;padding:0;-webkit-font-smoothing:antialiased}button{appearance:none;-webkit-appearance:none;background:#000;border:1px solid #000;border-radius:4px;color:#fff;cursor:pointer;font-size:16px;font-weight:500;line-height:24px;height:48px;outline:none;padding:0;transition:all .2s ease 0s;user-select:none;width:100%}button:hover{color:#000;background-color:#0000}button:disabled{background:#fafafa;color:#999;border-color:#eaeaea;cursor:not-allowed}h1{color:#000;font-size:24px;font-weight:700;line-height:32px;margin:0;margin-bottom:8px;text-align:center}hr{border:none;border-top:1px solid #eaeaea;margin:0}input{appearance:none;-webkit-appearance:none;border:1px solid #eaeaea;border-radius:4px;caret-color:#000;font-size:14px;line-height:20px;margin-bottom:10px;outline:0;padding:13px 16px;transition:border .2s ease 0s,color .2s ease 0s;width:100%}input:focus{border-color:#000}input:disabled{background:#fafafa;border-color:#eaeaea;color:#666;opacity:1;-webkit-text-fill-color:#666;cursor:not-allowed}p{color:#444;font-size:16px;letter-spacing:-.163333px;line-height:24px;margin:0;text-align:center}.card{background:#fff;box-shadow:0 30px 60px #0000001f;border-radius:8px;margin-bottom:32px;max-width:384px;width:384px}.alert{display:none}.alert:not(:last-child){margin-bottom:20px}.container{padding:32px}.container:not(:last-child){border-bottom:1px solid #eaeaea}.auto-vercel-auth-redirect.card{animation:.2s ease 4s 1 card;animation-fill-mode:both;overflow:hidden}.auto-vercel-auth-redirect .container{position:relative;background-color:#fff}.auto-vercel-auth-redirect .container:not(:last-child){z-index:1}.auto-vercel-auth-redirect .container.secondary{position:relative;padding:24px 0;animation:.2s ease 4s 1 container;animation-fill-mode:both}.error input{color:#e00;border-color:#e00}.error .alert{display:flex}.error .message{color:#e00}.footer{color:#666;font-size:16px;line-height:24px;text-align:center}.footer a{color:inherit;font-weight:500;text-decoration:none;display:flex;justify-content:center;align-items:center}.footer svg{margin-left:.5rem}.label{color:#666;font-size:12px;font-weight:500;line-height:16px;margin-bottom:10px}.message{font-size:14px;line-height:20px;margin-left:10px}.message b{font-weight:600}.or{display:none;margin-top:43px;margin-bottom:41px;position:relative}.or .badge{align-items:center;background:#fff;border:1px solid #eaeaea;border-radius:100px;display:flex;font-size:12px;font-weight:500;height:20px;justify-content:center;left:50%;line-height:16px;position:absolute;text-align:center;top:50%;transform:translate(-50%,-50%);width:32px}.password{display:none}.password-enabled .password{display:block}.password button{position:relative}.password button .spinner-wrapper{left:16px;position:absolute}.password-enabled.sso-enabled .or{display:block}.sso{display:none}.sso a{display:block}.sso.error a{margin-bottom:10px}.sso button{position:relative}.sso button .vercel{left:16px;position:absolute}.sso button:hover .vercel path{fill:#000}.sso-enabled .sso{display:block}.auto-redirect{display:flex;align-items:center;justify-content:center;margin-bottom:8px}.auto-redirect h1{margin:0}.auto-redirect-backup{font-size:14px;color:#666}.auto-redirect-backup a{color:#333;display:inline}.spinner-wrapper{display:none;height:24px;width:24px}.auto-redirect .spinner-wrapper{margin-right:10px}form.submitting .spinner-wrapper,.auto-redirect .spinner-wrapper{display:block}.spinner{position:relative;top:50%;left:50%;height:24px;width:24px}.spinner-bar{-webkit-animation:spinner-spin 1.2s linear infinite;animation:spinner-spin 1.2s linear infinite;background:#333;border-radius:5px;height:8%;left:-10%;position:absolute;top:-3.9%;width:24%}.spinner-bar:nth-child(1){animation-delay:-1.2s;transform:rotate(0.0001deg) translate(146%)}.spinner-bar:nth-child(2){animation-delay:-1.1s;transform:rotate(30deg) translate(146%)}.spinner-bar:nth-child(3){animation-delay:-1s;transform:rotate(60deg) translate(146%)}.spinner-bar:nth-child(4){animation-delay:-.9s;transform:rotate(90deg) translate(146%)}.spinner-bar:nth-child(5){animation-delay:-.8s;transform:rotate(120deg) translate(146%)}.spinner-bar:nth-child(6){animation-delay:-.7s;transform:rotate(150deg) translate(146%)}.spinner-bar:nth-child(7){animation-delay:-.6s;transform:rotate(180deg) translate(146%)}.spinner-bar:nth-child(8){animation-delay:-.5s;transform:rotate(210deg) translate(146%)}.spinner-bar:nth-child(9){animation-delay:-.4s;transform:rotate(240deg) translate(146%)}.spinner-bar:nth-child(10){animation-delay:-.3s;transform:rotate(270deg) translate(146%)}.spinner-bar:nth-child(11){animation-delay:-.2s;transform:rotate(300deg) translate(146%)}.spinner-bar:nth-child(12){animation-delay:-.1s;transform:rotate(330deg) translate(146%)}@keyframes spinner-spin{0%{opacity:1}100%{opacity:.15}}@keyframes card{from{height:127px}to{height:201px}}@keyframes container{from{transform:translateY(-72px)}to{transform:none}}@media screen and (max-width:768px){input{font-size:16px;line-height:22px}}@media screen and (max-width:600px){body{background:#fff;display:block}.card{box-shadow:none;border-radius:0;max-width:none;width:auto}.container{border-bottom:1px solid #eaeaea;padding:32px 27px}}&lt;/style&gt;&lt;body class="password-enabled"&gt;&lt;div&gt;&lt;div class="card"&gt;&lt;div class=container&gt;&lt;h1&gt;Authentication Required&lt;/h1&gt;&lt;p&gt;This deployment is protected.&lt;/div&gt;&lt;div class="container secondary"&gt;&lt;form class="password" method=post&gt;&lt;label&gt;&lt;div class=label&gt;VISITOR PASSWORD&lt;/div&gt;&lt;input type=password name=_vercel_password required autofocus&gt;&lt;/label&gt;
&lt;div&gt;&lt;button class=submit&gt;&lt;div class=spinner-wrapper&gt;&lt;div class=spinner&gt;&lt;div class=spinner-bar&gt;&lt;/div&gt;&lt;div class=spinner-bar&gt;&lt;/div&gt;&lt;div class=spinner-bar&gt;&lt;/div&gt;&lt;div class=spinner-bar&gt;&lt;/div&gt;&lt;div class=spinner-bar&gt;&lt;/div&gt;&lt;div class=spinner-bar&gt;&lt;/div&gt;&lt;div class=spinner-bar&gt;&lt;/div&gt;&lt;div class=spinner-bar&gt;&lt;/div&gt;&lt;div class=spinner-bar&gt;&lt;/div&gt;&lt;div class=spinner-bar&gt;&lt;/div&gt;&lt;div class=spinner-bar&gt;&lt;/div&gt;&lt;div class=spinner-bar&gt;&lt;/div&gt;&lt;/div&gt;&lt;/div&gt;Log in&lt;/button&gt;&lt;/div&gt;&lt;/form&gt;&lt;/div&gt;&lt;/div&gt;&lt;div class=footer&gt;&lt;a href=https://vercel.com target=_blank rel="noopener noreferrer"&gt;Powered by&lt;svg height="20" viewBox="0 0 283 64" fill="none"&gt;&lt;path d="M37 0l37 64H0L37 0zM159.6 34c0-10.3-7.6-17.5-18.5-17.5s-18.5 7.2-18.5 17.5c0 10.1 8.2 17.5 19.5 17.5 6.2.0 11.8-2.3 15.4-6.5l-6.8-3.9c-2.1 2.1-5.2 3.4-8.6 3.4-5 0-9.3-2.7-10.8-6.8l-.3-.7h28.3c.2-1 .3-2 .3-3zm-28.7-3 .2-.6c1.3-4.3 5.1-6.9 9.9-6.9 4.9.0 8.6 2.6 9.9 6.9l.2.6h-20.2zm136.4 3c0-10.3-7.6-17.5-18.5-17.5s-18.5 7.2-18.5 17.5c0 10.1 8.2 17.5 19.5 17.5 6.2.0 11.8-2.3 15.4-6.5l-6.8-3.9c-2.1 2.1-5.2 3.4-8.6 3.4-5 0-9.3-2.7-10.8-6.8l-.3-.7H267c.2-1 .3-2 .3-3zm-28.7-3 .2-.6c1.3-4.3 5.1-6.9 9.9-6.9 4.9.0 8.6 2.6 9.9 6.9l.2.6h-20.2zM219.3 28.3l6.8-3.9c-3.2-5-8.9-7.8-15.8-7.8-10.9.0-18.5 7.2-18.5 17.5s7.6 17.5 18.5 17.5c6.9.0 12.6-2.8 15.8-7.8l-6.8-3.9c-1.8 3-5 4.7-9 4.7-6.3.0-10.5-4.2-10.5-10.5s4.2-10.5 10.5-10.5c3.9.0 7.2 1.7 9 4.7zM282.3 5.6h-8v45h8v-45zm-153.8.0h-9.2L101.7 36 84.1 5.6h-9.3L101.7 52l26.8-46.4zM185.1 25.8c.9.0 1.8.1 2.7.3v-8.5c-6.8.2-13.2 4-13.2 8.7v-8.7h-8v33h8V36.3c0-6.2 4.3-10.5 10.5-10.5z" fill="#000"
            /&gt;&lt;/svg&gt;&lt;/a&gt;&lt;/div&gt;&lt;/div&gt;&lt;script&gt;(function(){var form=document.querySelector('form.password');if(form){var button=form.querySelector('button.submit');function onSubmit(e){form.classList.add("submitting");button.disabled=true;}
form.addEventListener('submit',onSubmit);}
})();&lt;/script&gt; 
 </msg>
<msg timestamp="20230714 22:34:12.810" level="FAIL">HTTPError: 401 Client Error: Unauthorized for url: https://dssisit.vercel.app/line-station-rail-platform/tests?Chrome</msg>
<status status="FAIL" starttime="20230714 22:34:12.512" endtime="20230714 22:34:12.824"/>
</kw>
<kw name="Log" library="BuiltIn">
<arg>${response}</arg>
<doc>Logs the given message with the given level.</doc>
<status status="NOT RUN" starttime="20230714 22:34:12.825" endtime="20230714 22:34:12.825"/>
</kw>
<kw name="Sleep" library="BuiltIn">
<arg>3</arg>
<doc>Pauses the test executed for the given time.</doc>
<status status="NOT RUN" starttime="20230714 22:34:12.826" endtime="20230714 22:34:12.826"/>
</kw>
<kw name="GET" library="RequestsLibrary">
<arg>${URLAU} params:stationCode=au</arg>
<arg>params:platform=1</arg>
<doc>Sends a GET request.</doc>
<status status="NOT RUN" starttime="20230714 22:34:12.826" endtime="20230714 22:34:12.826"/>
</kw>
<status status="FAIL" starttime="20230714 22:34:06.498" endtime="20230714 22:34:12.827">HTTPError: 401 Client Error: Unauthorized for url: https://dssisit.vercel.app/line-station-rail-platform/tests?Chrome</status>
</test>
<status status="FAIL" starttime="20230714 22:34:06.212" endtime="20230714 22:34:12.830"/>
</suite>
<statistics>
<total>
<stat pass="0" fail="1" skip="0">All Tests</stat>
</total>
<tag>
</tag>
<suite>
<stat pass="0" fail="1" skip="0" id="s1" name="Test3 dssi">Test3 dssi</stat>
</suite>
</statistics>
<errors>
</errors>
</robot>
