<?xml version="1.0" encoding="UTF-8"?>
<robot generator="Robot 6.1 (Python 3.10.11 on win32)" generated="20230716 23:49:50.791" rpa="false" schemaversion="4">
<suite id="s1" name="Crm" source="C:\Users\Narine_Sirunyan\PycharmProjects\Automation_Robot\Tests\Crm.robot">
<test id="s1-t1" name="Should be able to edit customer profile" line="25">
<kw name="Begin Web Test" library="Common" type="SETUP">
<kw name="Open Browser" library="SeleniumLibrary">
<arg>about:blank</arg>
<arg>Chrome</arg>
<doc>Opens a new browser instance to the optional ``url``.</doc>
<msg timestamp="20230716 23:49:50.981" level="INFO">Opening browser 'Chrome' to base url 'about:blank'.</msg>
<status status="PASS" starttime="20230716 23:49:50.980" endtime="20230716 23:49:52.194"/>
</kw>
<status status="PASS" starttime="20230716 23:49:50.980" endtime="20230716 23:49:52.194"/>
</kw>
<kw name="Log" library="BuiltIn">
<arg>Profile editing!</arg>
<doc>Logs the given message with the given level.</doc>
<msg timestamp="20230716 23:49:52.196" level="INFO">Profile editing!</msg>
<status status="PASS" starttime="20230716 23:49:52.195" endtime="20230716 23:49:52.196"/>
</kw>
<kw name="Test Speed" library="Common">
<kw name="Set Selenium Speed" library="SeleniumLibrary">
<arg>.2</arg>
<doc>Sets the delay that is waited after each Selenium command.</doc>
<status status="PASS" starttime="20230716 23:49:52.197" endtime="20230716 23:49:52.198"/>
</kw>
<status status="PASS" starttime="20230716 23:49:52.196" endtime="20230716 23:49:52.198"/>
</kw>
<kw name="Launch Homepage" library="Homepage">
<kw name="Go To" library="SeleniumLibrary">
<arg>https://automationplayground.com/crm/</arg>
<doc>Navigates the current browser window to the provided ``url``.</doc>
<msg timestamp="20230716 23:49:52.201" level="INFO">Opening url 'https://automationplayground.com/crm/'</msg>
<status status="PASS" starttime="20230716 23:49:52.200" endtime="20230716 23:49:53.386"/>
</kw>
<kw name="Page Should Contain" library="SeleniumLibrary">
<arg>Customers Are Priority One!</arg>
<doc>Verifies that current page contains ``text``.</doc>
<msg timestamp="20230716 23:49:53.841" level="INFO">Current page contains text 'Customers Are Priority One!'.</msg>
<status status="PASS" starttime="20230716 23:49:53.386" endtime="20230716 23:49:53.841"/>
</kw>
<status status="PASS" starttime="20230716 23:49:52.199" endtime="20230716 23:49:53.841"/>
</kw>
<kw name="Launch Log In Page" library="SignIn">
<kw name="Click Link" library="SeleniumLibrary">
<arg>Sign In</arg>
<doc>Clicks a link identified by ``locator``.</doc>
<msg timestamp="20230716 23:49:53.844" level="INFO">Clicking link 'Sign In'.</msg>
<status status="PASS" starttime="20230716 23:49:53.843" endtime="20230716 23:49:54.827"/>
</kw>
<kw name="Page Should Contain" library="SeleniumLibrary">
<arg>Login</arg>
<doc>Verifies that current page contains ``text``.</doc>
<msg timestamp="20230716 23:49:55.296" level="INFO">Current page contains text 'Login'.</msg>
<status status="PASS" starttime="20230716 23:49:54.827" endtime="20230716 23:49:55.296"/>
</kw>
<status status="PASS" starttime="20230716 23:49:53.842" endtime="20230716 23:49:55.296"/>
</kw>
<kw name="Enter Credentials For Logging In" library="Crm">
<kw name="Input Text" library="SeleniumLibrary">
<arg>id=email-id</arg>
<arg>exampletest@mail.com</arg>
<doc>Types the given ``text`` into the text field identified by ``locator``.</doc>
<msg timestamp="20230716 23:49:55.300" level="INFO">Typing text 'exampletest@mail.com' into text field 'id=email-id'.</msg>
<status status="PASS" starttime="20230716 23:49:55.299" endtime="20230716 23:49:56.217"/>
</kw>
<kw name="Input Password" library="SeleniumLibrary">
<arg>id=password</arg>
<arg>admin</arg>
<doc>Types the given password into the text field identified by ``locator``.</doc>
<msg timestamp="20230716 23:49:56.219" level="INFO">Typing password into text field 'id=password'.</msg>
<msg timestamp="20230716 23:49:56.687" level="INFO">Temporally setting log level to: NONE</msg>
<msg timestamp="20230716 23:49:56.952" level="INFO">Log level changed from NONE to INFO.</msg>
<status status="PASS" starttime="20230716 23:49:56.217" endtime="20230716 23:49:56.952"/>
</kw>
<kw name="Click Button" library="SeleniumLibrary">
<arg>Submit</arg>
<doc>Clicks the button identified by ``locator``.</doc>
<msg timestamp="20230716 23:49:56.953" level="INFO">Clicking button 'Submit'.</msg>
<status status="PASS" starttime="20230716 23:49:56.952" endtime="20230716 23:49:58.459"/>
</kw>
<kw name="Page Should Contain" library="SeleniumLibrary">
<arg>Our Happy Customers</arg>
<doc>Verifies that current page contains ``text``.</doc>
<msg timestamp="20230716 23:49:58.887" level="INFO">Current page contains text 'Our Happy Customers'.</msg>
<status status="PASS" starttime="20230716 23:49:58.460" endtime="20230716 23:49:58.887"/>
</kw>
<status status="PASS" starttime="20230716 23:49:55.298" endtime="20230716 23:49:58.887"/>
</kw>
<kw name="Edit Customer Profile" library="Profile">
<kw name="Click Link" library="SeleniumLibrary">
<arg>xpath=//*[@id="customers"]/tbody/tr[1]/td[5]/a[1]</arg>
<doc>Clicks a link identified by ``locator``.</doc>
<msg timestamp="20230716 23:49:58.888" level="INFO">Clicking link 'xpath=//*[@id="customers"]/tbody/tr[1]/td[5]/a[1]'.</msg>
<status status="PASS" starttime="20230716 23:49:58.888" endtime="20230716 23:49:59.748"/>
</kw>
<kw name="Location Should Contain" library="SeleniumLibrary">
<arg>crm/user.html</arg>
<doc>Verifies that the current URL contains ``expected``.</doc>
<msg timestamp="20230716 23:49:59.967" level="INFO">Current location contains 'crm/user.html'.</msg>
<status status="PASS" starttime="20230716 23:49:59.748" endtime="20230716 23:49:59.967"/>
</kw>
<status status="PASS" starttime="20230716 23:49:58.887" endtime="20230716 23:49:59.967"/>
</kw>
<kw name="Back To Customers List" library="Profile">
<kw name="Click Link" library="SeleniumLibrary">
<arg>Back to Customers</arg>
<doc>Clicks a link identified by ``locator``.</doc>
<msg timestamp="20230716 23:49:59.968" level="INFO">Clicking link 'Back to Customers'.</msg>
<status status="PASS" starttime="20230716 23:49:59.968" endtime="20230716 23:50:00.886"/>
</kw>
<kw name="Page Should Contain" library="SeleniumLibrary">
<arg>Our Happy Customer</arg>
<doc>Verifies that current page contains ``text``.</doc>
<msg timestamp="20230716 23:50:01.353" level="INFO">Current page contains text 'Our Happy Customer'.</msg>
<status status="PASS" starttime="20230716 23:50:00.886" endtime="20230716 23:50:01.353"/>
</kw>
<status status="PASS" starttime="20230716 23:49:59.967" endtime="20230716 23:50:01.354"/>
</kw>
<kw name="Close The Browser" library="Common" type="TEARDOWN">
<kw name="Close Browser" library="SeleniumLibrary">
<doc>Closes the current browser.</doc>
<status status="PASS" starttime="20230716 23:50:01.356" endtime="20230716 23:50:03.654"/>
</kw>
<status status="PASS" starttime="20230716 23:50:01.355" endtime="20230716 23:50:03.654"/>
</kw>
<doc>Edit profile clicking pencil icon</doc>
<tag>ID-1008</tag>
<status status="PASS" starttime="20230716 23:49:50.980" endtime="20230716 23:50:03.656"/>
</test>
<doc>Basic info about the suite</doc>
<status status="PASS" starttime="20230716 23:49:50.794" endtime="20230716 23:50:03.661"/>
</suite>
<statistics>
<total>
<stat pass="1" fail="0" skip="0">All Tests</stat>
</total>
<tag>
<stat pass="1" fail="0" skip="0">ID-1008</stat>
</tag>
<suite>
<stat pass="1" fail="0" skip="0" id="s1" name="Crm">Crm</stat>
</suite>
</statistics>
<errors>
</errors>
</robot>
