<?xml version="1.0" encoding="UTF-8"?>
<robot generator="Robot 6.1 (Python 3.10.11 on win32)" generated="20230715 22:46:39.912" rpa="false" schemaversion="4">
<suite id="s1" name="Crm" source="C:\Users\Narine_Sirunyan\PycharmProjects\Automation_Robot\Tests\Crm.robot">
<test id="s1-t1" name="Should be able to add new customer" line="8">
<kw name="Log" library="BuiltIn">
<arg>Starting the Test Case!</arg>
<doc>Logs the given message with the given level.</doc>
<msg timestamp="20230715 22:46:40.130" level="INFO">Starting the Test Case!</msg>
<status status="PASS" starttime="20230715 22:46:40.130" endtime="20230715 22:46:40.130"/>
</kw>
<kw name="Open Browser" library="SeleniumLibrary">
<arg>https://automationplayground.com/crm/</arg>
<arg>Chrome</arg>
<doc>Opens a new browser instance to the optional ``url``.</doc>
<msg timestamp="20230715 22:46:40.131" level="INFO">Opening browser 'Chrome' to base url 'https://automationplayground.com/crm/'.</msg>
<status status="PASS" starttime="20230715 22:46:40.131" endtime="20230715 22:46:42.311"/>
</kw>
<kw name="Page Should Contain" library="SeleniumLibrary">
<arg>Customers Are Priority One!</arg>
<doc>Verifies that current page contains ``text``.</doc>
<msg timestamp="20230715 22:46:42.328" level="INFO">Current page contains text 'Customers Are Priority One!'.</msg>
<status status="PASS" starttime="20230715 22:46:42.312" endtime="20230715 22:46:42.328"/>
</kw>
<kw name="Click Link" library="SeleniumLibrary">
<arg>Sign In</arg>
<doc>Clicks a link identified by ``locator``.</doc>
<msg timestamp="20230715 22:46:42.330" level="INFO">Clicking link 'Sign In'.</msg>
<status status="PASS" starttime="20230715 22:46:42.329" endtime="20230715 22:46:42.994"/>
</kw>
<kw name="Page Should Contain" library="SeleniumLibrary">
<arg>Login</arg>
<doc>Verifies that current page contains ``text``.</doc>
<msg timestamp="20230715 22:46:43.011" level="INFO">Current page contains text 'Login'.</msg>
<status status="PASS" starttime="20230715 22:46:42.995" endtime="20230715 22:46:43.011"/>
</kw>
<kw name="Input Text" library="SeleniumLibrary">
<arg>id=email-id</arg>
<arg>exampletest@mail.com</arg>
<doc>Types the given ``text`` into the text field identified by ``locator``.</doc>
<msg timestamp="20230715 22:46:43.011" level="INFO">Typing text 'exampletest@mail.com' into text field 'id=email-id'.</msg>
<status status="PASS" starttime="20230715 22:46:43.011" endtime="20230715 22:46:43.093"/>
</kw>
<kw name="Input Password" library="SeleniumLibrary">
<arg>id=password</arg>
<arg>admin</arg>
<doc>Types the given password into the text field identified by ``locator``.</doc>
<msg timestamp="20230715 22:46:43.094" level="INFO">Typing password into text field 'id=password'.</msg>
<msg timestamp="20230715 22:46:43.121" level="INFO">Temporally setting log level to: NONE</msg>
<msg timestamp="20230715 22:46:43.153" level="INFO">Log level changed from NONE to INFO.</msg>
<status status="PASS" starttime="20230715 22:46:43.093" endtime="20230715 22:46:43.153"/>
</kw>
<kw name="Click Button" library="SeleniumLibrary">
<arg>Submit</arg>
<doc>Clicks the button identified by ``locator``.</doc>
<msg timestamp="20230715 22:46:43.154" level="INFO">Clicking button 'Submit'.</msg>
<status status="PASS" starttime="20230715 22:46:43.154" endtime="20230715 22:46:43.793"/>
</kw>
<kw name="Page Should Contain" library="SeleniumLibrary">
<arg>Our Happy Customers</arg>
<doc>Verifies that current page contains ``text``.</doc>
<msg timestamp="20230715 22:46:43.808" level="INFO">Current page contains text 'Our Happy Customers'.</msg>
<status status="PASS" starttime="20230715 22:46:43.794" endtime="20230715 22:46:43.808"/>
</kw>
<kw name="Click Link" library="SeleniumLibrary">
<arg>id=new-customer</arg>
<doc>Clicks a link identified by ``locator``.</doc>
<msg timestamp="20230715 22:46:43.809" level="INFO">Clicking link 'id=new-customer'.</msg>
<status status="PASS" starttime="20230715 22:46:43.808" endtime="20230715 22:46:44.352"/>
</kw>
<kw name="Location Should Contain" library="SeleniumLibrary">
<arg>crm/add-customer.html</arg>
<doc>Verifies that the current URL contains ``expected``.</doc>
<msg timestamp="20230715 22:46:44.357" level="INFO">Current location contains 'crm/add-customer.html'.</msg>
<status status="PASS" starttime="20230715 22:46:44.352" endtime="20230715 22:46:44.357"/>
</kw>
<kw name="Input Text" library="SeleniumLibrary">
<arg>id=EmailAddress</arg>
<arg>exampletest1@mail.com</arg>
<doc>Types the given ``text`` into the text field identified by ``locator``.</doc>
<msg timestamp="20230715 22:46:44.358" level="INFO">Typing text 'exampletest1@mail.com' into text field 'id=EmailAddress'.</msg>
<status status="PASS" starttime="20230715 22:46:44.358" endtime="20230715 22:46:44.429"/>
</kw>
<kw name="Input Text" library="SeleniumLibrary">
<arg>id=FirstName</arg>
<arg>George</arg>
<doc>Types the given ``text`` into the text field identified by ``locator``.</doc>
<msg timestamp="20230715 22:46:44.430" level="INFO">Typing text 'George' into text field 'id=FirstName'.</msg>
<status status="PASS" starttime="20230715 22:46:44.430" endtime="20230715 22:46:44.487"/>
</kw>
<kw name="Input Text" library="SeleniumLibrary">
<arg>id=LastName</arg>
<arg>Mevis</arg>
<doc>Types the given ``text`` into the text field identified by ``locator``.</doc>
<msg timestamp="20230715 22:46:44.488" level="INFO">Typing text 'Mevis' into text field 'id=LastName'.</msg>
<status status="PASS" starttime="20230715 22:46:44.487" endtime="20230715 22:46:44.549"/>
</kw>
<kw name="Input Text" library="SeleniumLibrary">
<arg>id=City</arg>
<arg>Los-Angeles</arg>
<doc>Types the given ``text`` into the text field identified by ``locator``.</doc>
<msg timestamp="20230715 22:46:44.550" level="INFO">Typing text 'Los-Angeles' into text field 'id=City'.</msg>
<status status="PASS" starttime="20230715 22:46:44.550" endtime="20230715 22:46:44.617"/>
</kw>
<kw name="Select From List By Value" library="SeleniumLibrary">
<arg>xpath://*[@id="StateOrRegion"]</arg>
<arg>HI</arg>
<doc>Selects options from selection list ``locator`` by ``values``.</doc>
<msg timestamp="20230715 22:46:44.618" level="INFO">Selecting options from selection list 'xpath://*[@id="StateOrRegion"]' by value HI.</msg>
<status status="PASS" starttime="20230715 22:46:44.618" endtime="20230715 22:46:44.668"/>
</kw>
<kw name="Select Radio Button" library="SeleniumLibrary">
<arg>gender</arg>
<arg>female</arg>
<doc>Sets the radio button group ``group_name`` to ``value``.</doc>
<msg timestamp="20230715 22:46:44.669" level="INFO">Selecting 'female' from radio button 'gender'.</msg>
<status status="PASS" starttime="20230715 22:46:44.669" endtime="20230715 22:46:44.710"/>
</kw>
<kw name="Select Checkbox" library="SeleniumLibrary">
<arg>promos-name</arg>
<doc>Selects the checkbox identified by ``locator``.</doc>
<msg timestamp="20230715 22:46:44.711" level="INFO">Selecting checkbox 'promos-name'.</msg>
<status status="PASS" starttime="20230715 22:46:44.711" endtime="20230715 22:46:44.754"/>
</kw>
<kw name="Click Button" library="SeleniumLibrary">
<arg>Submit</arg>
<doc>Clicks the button identified by ``locator``.</doc>
<msg timestamp="20230715 22:46:44.754" level="INFO">Clicking button 'Submit'.</msg>
<status status="PASS" starttime="20230715 22:46:44.754" endtime="20230715 22:46:45.000"/>
</kw>
<kw name="Location Should Contain" library="SeleniumLibrary">
<arg>customer-success</arg>
<doc>Verifies that the current URL contains ``expected``.</doc>
<msg timestamp="20230715 22:46:45.005" level="INFO">Current location contains 'customer-success'.</msg>
<status status="PASS" starttime="20230715 22:46:45.000" endtime="20230715 22:46:45.005"/>
</kw>
<kw name="Sleep" library="BuiltIn">
<arg>3</arg>
<doc>Pauses the test executed for the given time.</doc>
<msg timestamp="20230715 22:46:48.007" level="INFO">Slept 3 seconds</msg>
<status status="PASS" starttime="20230715 22:46:45.005" endtime="20230715 22:46:48.007"/>
</kw>
<kw name="Close Browser" library="SeleniumLibrary">
<doc>Closes the current browser.</doc>
<status status="PASS" starttime="20230715 22:46:48.008" endtime="20230715 22:46:50.125"/>
</kw>
<doc>This is basic info about test</doc>
<tag>Contacts</tag>
<tag>ID-1006</tag>
<tag>Smoke</tag>
<status status="PASS" starttime="20230715 22:46:40.129" endtime="20230715 22:46:50.126"/>
</test>
<doc>Basic info about the suite</doc>
<status status="PASS" starttime="20230715 22:46:39.914" endtime="20230715 22:46:50.128"/>
</suite>
<statistics>
<total>
<stat pass="1" fail="0" skip="0">All Tests</stat>
</total>
<tag>
<stat pass="1" fail="0" skip="0">Contacts</stat>
<stat pass="1" fail="0" skip="0">ID-1006</stat>
<stat pass="1" fail="0" skip="0">Smoke</stat>
</tag>
<suite>
<stat pass="1" fail="0" skip="0" id="s1" name="Crm">Crm</stat>
</suite>
</statistics>
<errors>
</errors>
</robot>
