<?xml version="1.0" encoding="UTF-8"?>
<robot generator="Robot 6.1 (Python 3.10.11 on win32)" generated="20230716 21:04:27.741" rpa="false" schemaversion="4">
<suite id="s1" name="Crm" source="C:\Users\Narine_Sirunyan\PycharmProjects\Automation_Robot\Tests\Crm.robot">
<test id="s1-t1" name="Should be able to add new customer" line="10">
<kw name="Begin Web Test" library="Common" type="SETUP">
<kw name="Open Browser" library="SeleniumLibrary">
<arg>about:blank</arg>
<arg>Chrome</arg>
<doc>Opens a new browser instance to the optional ``url``.</doc>
<msg timestamp="20230716 21:04:27.948" level="INFO">Opening browser 'Chrome' to base url 'about:blank'.</msg>
<status status="PASS" starttime="20230716 21:04:27.948" endtime="20230716 21:04:29.128"/>
</kw>
<status status="PASS" starttime="20230716 21:04:27.948" endtime="20230716 21:04:29.128"/>
</kw>
<kw name="Log" library="BuiltIn">
<arg>Starting the Test Case!</arg>
<doc>Logs the given message with the given level.</doc>
<msg timestamp="20230716 21:04:29.128" level="INFO">Starting the Test Case!</msg>
<status status="PASS" starttime="20230716 21:04:29.128" endtime="20230716 21:04:29.128"/>
</kw>
<kw name="Setting Selenium Speed" library="Common">
<kw name="Set Selenium Speed" library="SeleniumLibrary">
<arg>.2</arg>
<doc>Sets the delay that is waited after each Selenium command.</doc>
<status status="PASS" starttime="20230716 21:04:29.129" endtime="20230716 21:04:29.130"/>
</kw>
<status status="PASS" starttime="20230716 21:04:29.129" endtime="20230716 21:04:29.130"/>
</kw>
<kw name="Launch Homepage" library="Common">
<kw name="Go To" library="SeleniumLibrary">
<arg>https://automationplayground.com/crm/</arg>
<doc>Navigates the current browser window to the provided ``url``.</doc>
<msg timestamp="20230716 21:04:29.130" level="INFO">Opening url 'https://automationplayground.com/crm/'</msg>
<status status="PASS" starttime="20230716 21:04:29.130" endtime="20230716 21:04:30.916"/>
</kw>
<kw name="Page Should Contain" library="SeleniumLibrary">
<arg>Customers Are Priority One!</arg>
<doc>Verifies that current page contains ``text``.</doc>
<msg timestamp="20230716 21:04:31.367" level="INFO">Current page contains text 'Customers Are Priority One!'.</msg>
<status status="PASS" starttime="20230716 21:04:30.917" endtime="20230716 21:04:31.367"/>
</kw>
<status status="PASS" starttime="20230716 21:04:29.130" endtime="20230716 21:04:31.367"/>
</kw>
<kw name="Launch Log In Page" library="Crm">
<kw name="Click Link" library="SeleniumLibrary">
<arg>Sign In</arg>
<doc>Clicks a link identified by ``locator``.</doc>
<msg timestamp="20230716 21:04:31.371" level="INFO">Clicking link 'Sign In'.</msg>
<status status="PASS" starttime="20230716 21:04:31.369" endtime="20230716 21:04:32.403"/>
</kw>
<kw name="Page Should Contain" library="SeleniumLibrary">
<arg>Login</arg>
<doc>Verifies that current page contains ``text``.</doc>
<msg timestamp="20230716 21:04:32.860" level="INFO">Current page contains text 'Login'.</msg>
<status status="PASS" starttime="20230716 21:04:32.403" endtime="20230716 21:04:32.860"/>
</kw>
<status status="PASS" starttime="20230716 21:04:31.368" endtime="20230716 21:04:32.860"/>
</kw>
<kw name="Enter Credentials For Logging In" library="Crm">
<kw name="Input Text" library="SeleniumLibrary">
<arg>id=email-id</arg>
<arg>exampletest@mail.com</arg>
<doc>Types the given ``text`` into the text field identified by ``locator``.</doc>
<msg timestamp="20230716 21:04:32.864" level="INFO">Typing text 'exampletest@mail.com' into text field 'id=email-id'.</msg>
<status status="PASS" starttime="20230716 21:04:32.862" endtime="20230716 21:04:33.682"/>
</kw>
<kw name="Input Password" library="SeleniumLibrary">
<arg>id=password</arg>
<arg>admin</arg>
<doc>Types the given password into the text field identified by ``locator``.</doc>
<msg timestamp="20230716 21:04:33.683" level="INFO">Typing password into text field 'id=password'.</msg>
<msg timestamp="20230716 21:04:34.150" level="INFO">Temporally setting log level to: NONE</msg>
<msg timestamp="20230716 21:04:34.415" level="INFO">Log level changed from NONE to INFO.</msg>
<status status="PASS" starttime="20230716 21:04:33.682" endtime="20230716 21:04:34.415"/>
</kw>
<kw name="Click Button" library="SeleniumLibrary">
<arg>Submit</arg>
<doc>Clicks the button identified by ``locator``.</doc>
<msg timestamp="20230716 21:04:34.416" level="INFO">Clicking button 'Submit'.</msg>
<status status="PASS" starttime="20230716 21:04:34.415" endtime="20230716 21:04:35.555"/>
</kw>
<kw name="Page Should Contain" library="SeleniumLibrary">
<arg>Our Happy Customers</arg>
<doc>Verifies that current page contains ``text``.</doc>
<msg timestamp="20230716 21:04:36.164" level="INFO">Current page contains text 'Our Happy Customers'.</msg>
<status status="PASS" starttime="20230716 21:04:35.555" endtime="20230716 21:04:36.164"/>
</kw>
<status status="PASS" starttime="20230716 21:04:32.861" endtime="20230716 21:04:36.164"/>
</kw>
<kw name="Verify Adding New Customer Button" library="Crm">
<kw name="Click Link" library="SeleniumLibrary">
<arg>id=new-customer</arg>
<doc>Clicks a link identified by ``locator``.</doc>
<msg timestamp="20230716 21:04:36.165" level="INFO">Clicking link 'id=new-customer'.</msg>
<status status="PASS" starttime="20230716 21:04:36.164" endtime="20230716 21:04:37.331"/>
</kw>
<kw name="Location Should Contain" library="SeleniumLibrary">
<arg>crm/add-customer.html</arg>
<doc>Verifies that the current URL contains ``expected``.</doc>
<msg timestamp="20230716 21:04:37.547" level="INFO">Current location contains 'crm/add-customer.html'.</msg>
<status status="PASS" starttime="20230716 21:04:37.331" endtime="20230716 21:04:37.547"/>
</kw>
<status status="PASS" starttime="20230716 21:04:36.164" endtime="20230716 21:04:37.547"/>
</kw>
<kw name="Filling In The Customer Info" library="Crm">
<kw name="Input Text" library="SeleniumLibrary">
<arg>id=EmailAddress</arg>
<arg>exampletest1@mail.com</arg>
<doc>Types the given ``text`` into the text field identified by ``locator``.</doc>
<msg timestamp="20230716 21:04:37.549" level="INFO">Typing text 'exampletest1@mail.com' into text field 'id=EmailAddress'.</msg>
<status status="PASS" starttime="20230716 21:04:37.548" endtime="20230716 21:04:38.264"/>
</kw>
<kw name="Input Text" library="SeleniumLibrary">
<arg>id=FirstName</arg>
<arg>George</arg>
<doc>Types the given ``text`` into the text field identified by ``locator``.</doc>
<msg timestamp="20230716 21:04:38.264" level="INFO">Typing text 'George' into text field 'id=FirstName'.</msg>
<status status="PASS" starttime="20230716 21:04:38.264" endtime="20230716 21:04:38.966"/>
</kw>
<kw name="Input Text" library="SeleniumLibrary">
<arg>id=LastName</arg>
<arg>Mevis</arg>
<doc>Types the given ``text`` into the text field identified by ``locator``.</doc>
<msg timestamp="20230716 21:04:38.967" level="INFO">Typing text 'Mevis' into text field 'id=LastName'.</msg>
<status status="PASS" starttime="20230716 21:04:38.966" endtime="20230716 21:04:39.791"/>
</kw>
<kw name="Input Text" library="SeleniumLibrary">
<arg>id=City</arg>
<arg>Los-Angeles</arg>
<doc>Types the given ``text`` into the text field identified by ``locator``.</doc>
<msg timestamp="20230716 21:04:39.793" level="INFO">Typing text 'Los-Angeles' into text field 'id=City'.</msg>
<status status="PASS" starttime="20230716 21:04:39.791" endtime="20230716 21:04:40.671"/>
</kw>
<kw name="Select From List By Value" library="SeleniumLibrary">
<arg>xpath://*[@id="StateOrRegion"]</arg>
<arg>HI</arg>
<doc>Selects options from selection list ``locator`` by ``values``.</doc>
<msg timestamp="20230716 21:04:40.673" level="INFO">Selecting options from selection list 'xpath://*[@id="StateOrRegion"]' by value HI.</msg>
<status status="PASS" starttime="20230716 21:04:40.671" endtime="20230716 21:04:42.338"/>
</kw>
<kw name="Select Radio Button" library="SeleniumLibrary">
<arg>gender</arg>
<arg>female</arg>
<doc>Sets the radio button group ``group_name`` to ``value``.</doc>
<msg timestamp="20230716 21:04:42.339" level="INFO">Selecting 'female' from radio button 'gender'.</msg>
<status status="PASS" starttime="20230716 21:04:42.338" endtime="20230716 21:04:43.124"/>
</kw>
<kw name="Select Checkbox" library="SeleniumLibrary">
<arg>promos-name</arg>
<doc>Selects the checkbox identified by ``locator``.</doc>
<msg timestamp="20230716 21:04:43.125" level="INFO">Selecting checkbox 'promos-name'.</msg>
<status status="PASS" starttime="20230716 21:04:43.124" endtime="20230716 21:04:44.099"/>
</kw>
<kw name="Click Button" library="SeleniumLibrary">
<arg>Submit</arg>
<doc>Clicks the button identified by ``locator``.</doc>
<msg timestamp="20230716 21:04:44.101" level="INFO">Clicking button 'Submit'.</msg>
<status status="PASS" starttime="20230716 21:04:44.099" endtime="20230716 21:04:45.249"/>
</kw>
<kw name="Location Should Contain" library="SeleniumLibrary">
<arg>customer-success</arg>
<doc>Verifies that the current URL contains ``expected``.</doc>
<msg timestamp="20230716 21:04:45.464" level="INFO">Current location contains 'customer-success'.</msg>
<status status="PASS" starttime="20230716 21:04:45.249" endtime="20230716 21:04:45.464"/>
</kw>
<kw name="Sleep" library="BuiltIn">
<arg>3</arg>
<doc>Pauses the test executed for the given time.</doc>
<msg timestamp="20230716 21:04:48.478" level="INFO">Slept 3 seconds</msg>
<status status="PASS" starttime="20230716 21:04:45.464" endtime="20230716 21:04:48.478"/>
</kw>
<status status="PASS" starttime="20230716 21:04:37.547" endtime="20230716 21:04:48.478"/>
</kw>
<kw name="Close The Browser" library="Common" type="TEARDOWN">
<kw name="Close Browser" library="SeleniumLibrary">
<doc>Closes the current browser.</doc>
<status status="PASS" starttime="20230716 21:04:48.481" endtime="20230716 21:04:50.765"/>
</kw>
<status status="PASS" starttime="20230716 21:04:48.480" endtime="20230716 21:04:50.765"/>
</kw>
<doc>This is basic info about test</doc>
<tag>Contacts</tag>
<tag>ID-1006</tag>
<tag>Smoke</tag>
<status status="PASS" starttime="20230716 21:04:27.947" endtime="20230716 21:04:50.767"/>
</test>
<doc>Basic info about the suite</doc>
<status status="PASS" starttime="20230716 21:04:27.743" endtime="20230716 21:04:50.770"/>
</suite>
<statistics>
<total>
<stat pass="1" fail="0" skip="0">All Tests</stat>
</total>
<tag>
<stat pass="1" fail="0" skip="0">Contacts</stat>
<stat pass="1" fail="0" skip="0">ID-1006</stat>
<stat pass="1" fail="0" skip="0">Smoke</stat>
</tag>
<suite>
<stat pass="1" fail="0" skip="0" id="s1" name="Crm">Crm</stat>
</suite>
</statistics>
<errors>
</errors>
</robot>
