<?xml version="1.0" encoding="UTF-8"?>
<robot generator="Robot 6.1 (Python 3.10.11 on win32)" generated="20230716 17:21:16.881" rpa="false" schemaversion="4">
<suite id="s1" name="Crm" source="C:\Users\Narine_Sirunyan\PycharmProjects\Automation_Robot\Tests\Crm.robot">
<test id="s1-t1" name="Should be able to add new customer" line="9">
<kw name="Log" library="BuiltIn">
<arg>Starting the Test Case!</arg>
<doc>Logs the given message with the given level.</doc>
<msg timestamp="20230716 17:21:17.168" level="INFO">Starting the Test Case!</msg>
<status status="PASS" starttime="20230716 17:21:17.168" endtime="20230716 17:21:17.168"/>
</kw>
<kw name="Begin Web Test" library="Common">
<kw name="Open Browser" library="SeleniumLibrary">
<arg>about:blank</arg>
<arg>Chrome</arg>
<doc>Opens a new browser instance to the optional ``url``.</doc>
<msg timestamp="20230716 17:21:17.170" level="INFO">Opening browser 'Chrome' to base url 'about:blank'.</msg>
<status status="PASS" starttime="20230716 17:21:17.169" endtime="20230716 17:21:18.707"/>
</kw>
<status status="PASS" starttime="20230716 17:21:17.169" endtime="20230716 17:21:18.707"/>
</kw>
<kw name="Setting Selenium Speed" library="Common">
<kw name="Set Selenium Speed" library="SeleniumLibrary">
<arg>.2</arg>
<doc>Sets the delay that is waited after each Selenium command.</doc>
<status status="PASS" starttime="20230716 17:21:18.709" endtime="20230716 17:21:18.709"/>
</kw>
<status status="PASS" starttime="20230716 17:21:18.708" endtime="20230716 17:21:18.710"/>
</kw>
<kw name="Launch Homepage" library="Common">
<kw name="Go To" library="SeleniumLibrary">
<arg>https://automationplayground.com/crm/</arg>
<doc>Navigates the current browser window to the provided ``url``.</doc>
<msg timestamp="20230716 17:21:18.714" level="INFO">Opening url 'https://automationplayground.com/crm/'</msg>
<status status="PASS" starttime="20230716 17:21:18.714" endtime="20230716 17:21:20.153"/>
</kw>
<kw name="Page Should Contain" library="SeleniumLibrary">
<arg>Customers Are Priority One!</arg>
<doc>Verifies that current page contains ``text``.</doc>
<msg timestamp="20230716 17:21:20.625" level="INFO">Current page contains text 'Customers Are Priority One!'.</msg>
<status status="PASS" starttime="20230716 17:21:20.153" endtime="20230716 17:21:20.625"/>
</kw>
<status status="PASS" starttime="20230716 17:21:18.713" endtime="20230716 17:21:20.625"/>
</kw>
<kw name="Launch Log In Page" library="Crm">
<kw name="Click Link" library="SeleniumLibrary">
<arg>Sign In</arg>
<doc>Clicks a link identified by ``locator``.</doc>
<msg timestamp="20230716 17:21:20.628" level="INFO">Clicking link 'Sign In'.</msg>
<status status="PASS" starttime="20230716 17:21:20.627" endtime="20230716 17:21:21.657"/>
</kw>
<kw name="Page Should Contain" library="SeleniumLibrary">
<arg>Login</arg>
<doc>Verifies that current page contains ``text``.</doc>
<msg timestamp="20230716 17:21:22.128" level="INFO">Current page contains text 'Login'.</msg>
<status status="PASS" starttime="20230716 17:21:21.657" endtime="20230716 17:21:22.128"/>
</kw>
<status status="PASS" starttime="20230716 17:21:20.626" endtime="20230716 17:21:22.129"/>
</kw>
<kw name="Enter Credentials For Logging In" library="Crm">
<kw name="Input Text" library="SeleniumLibrary">
<arg>id=email-id</arg>
<arg>exampletest@mail.com</arg>
<doc>Types the given ``text`` into the text field identified by ``locator``.</doc>
<msg timestamp="20230716 17:21:22.132" level="INFO">Typing text 'exampletest@mail.com' into text field 'id=email-id'.</msg>
<status status="PASS" starttime="20230716 17:21:22.131" endtime="20230716 17:21:23.068"/>
</kw>
<kw name="Input Password" library="SeleniumLibrary">
<arg>id=password</arg>
<arg>admin</arg>
<doc>Types the given password into the text field identified by ``locator``.</doc>
<msg timestamp="20230716 17:21:23.069" level="INFO">Typing password into text field 'id=password'.</msg>
<msg timestamp="20230716 17:21:23.557" level="INFO">Temporally setting log level to: NONE</msg>
<msg timestamp="20230716 17:21:23.887" level="INFO">Log level changed from NONE to INFO.</msg>
<status status="PASS" starttime="20230716 17:21:23.068" endtime="20230716 17:21:23.887"/>
</kw>
<kw name="Click Button" library="SeleniumLibrary">
<arg>Submit</arg>
<doc>Clicks the button identified by ``locator``.</doc>
<msg timestamp="20230716 17:21:23.888" level="INFO">Clicking button 'Submit'.</msg>
<status status="PASS" starttime="20230716 17:21:23.887" endtime="20230716 17:21:25.080"/>
</kw>
<kw name="Page Should Contain" library="SeleniumLibrary">
<arg>Our Happy Customers</arg>
<doc>Verifies that current page contains ``text``.</doc>
<msg timestamp="20230716 17:21:25.690" level="INFO">Current page contains text 'Our Happy Customers'.</msg>
<status status="PASS" starttime="20230716 17:21:25.080" endtime="20230716 17:21:25.690"/>
</kw>
<status status="PASS" starttime="20230716 17:21:22.130" endtime="20230716 17:21:25.690"/>
</kw>
<kw name="Verify Adding New Customer Button" library="Crm">
<kw name="Click Link" library="SeleniumLibrary">
<arg>id=new-customer</arg>
<doc>Clicks a link identified by ``locator``.</doc>
<msg timestamp="20230716 17:21:25.692" level="INFO">Clicking link 'id=new-customer'.</msg>
<status status="PASS" starttime="20230716 17:21:25.691" endtime="20230716 17:21:26.921"/>
</kw>
<kw name="Location Should Contain" library="SeleniumLibrary">
<arg>crm/add-customer.html</arg>
<doc>Verifies that the current URL contains ``expected``.</doc>
<msg timestamp="20230716 17:21:27.143" level="INFO">Current location contains 'crm/add-customer.html'.</msg>
<status status="PASS" starttime="20230716 17:21:26.921" endtime="20230716 17:21:27.143"/>
</kw>
<status status="PASS" starttime="20230716 17:21:25.691" endtime="20230716 17:21:27.143"/>
</kw>
<kw name="Filling In The Customer Info" library="Crm">
<kw name="Input Text" library="SeleniumLibrary">
<arg>id=EmailAddress</arg>
<arg>exampletest1@mail.com</arg>
<doc>Types the given ``text`` into the text field identified by ``locator``.</doc>
<msg timestamp="20230716 17:21:27.144" level="INFO">Typing text 'exampletest1@mail.com' into text field 'id=EmailAddress'.</msg>
<status status="PASS" starttime="20230716 17:21:27.144" endtime="20230716 17:21:27.911"/>
</kw>
<kw name="Input Text" library="SeleniumLibrary">
<arg>id=FirstName</arg>
<arg>George</arg>
<doc>Types the given ``text`` into the text field identified by ``locator``.</doc>
<msg timestamp="20230716 17:21:27.912" level="INFO">Typing text 'George' into text field 'id=FirstName'.</msg>
<status status="PASS" starttime="20230716 17:21:27.911" endtime="20230716 17:21:28.696"/>
</kw>
<kw name="Input Text" library="SeleniumLibrary">
<arg>id=LastName</arg>
<arg>Mevis</arg>
<doc>Types the given ``text`` into the text field identified by ``locator``.</doc>
<msg timestamp="20230716 17:21:28.697" level="INFO">Typing text 'Mevis' into text field 'id=LastName'.</msg>
<status status="PASS" starttime="20230716 17:21:28.696" endtime="20230716 17:21:29.509"/>
</kw>
<kw name="Input Text" library="SeleniumLibrary">
<arg>id=City</arg>
<arg>Los-Angeles</arg>
<doc>Types the given ``text`` into the text field identified by ``locator``.</doc>
<msg timestamp="20230716 17:21:29.510" level="INFO">Typing text 'Los-Angeles' into text field 'id=City'.</msg>
<status status="PASS" starttime="20230716 17:21:29.509" endtime="20230716 17:21:30.310"/>
</kw>
<kw name="Select From List By Value" library="SeleniumLibrary">
<arg>xpath://*[@id="StateOrRegion"]</arg>
<arg>HI</arg>
<doc>Selects options from selection list ``locator`` by ``values``.</doc>
<msg timestamp="20230716 17:21:30.313" level="INFO">Selecting options from selection list 'xpath://*[@id="StateOrRegion"]' by value HI.</msg>
<status status="PASS" starttime="20230716 17:21:30.311" endtime="20230716 17:21:32.009"/>
</kw>
<kw name="Select Radio Button" library="SeleniumLibrary">
<arg>gender</arg>
<arg>female</arg>
<doc>Sets the radio button group ``group_name`` to ``value``.</doc>
<msg timestamp="20230716 17:21:32.010" level="INFO">Selecting 'female' from radio button 'gender'.</msg>
<status status="PASS" starttime="20230716 17:21:32.010" endtime="20230716 17:21:32.811"/>
</kw>
<kw name="Select Checkbox" library="SeleniumLibrary">
<arg>promos-name</arg>
<doc>Selects the checkbox identified by ``locator``.</doc>
<msg timestamp="20230716 17:21:32.813" level="INFO">Selecting checkbox 'promos-name'.</msg>
<status status="PASS" starttime="20230716 17:21:32.811" endtime="20230716 17:21:33.814"/>
</kw>
<kw name="Click Button" library="SeleniumLibrary">
<arg>Submit</arg>
<doc>Clicks the button identified by ``locator``.</doc>
<msg timestamp="20230716 17:21:33.815" level="INFO">Clicking button 'Submit'.</msg>
<status status="PASS" starttime="20230716 17:21:33.814" endtime="20230716 17:21:35.013"/>
</kw>
<kw name="Location Should Contain" library="SeleniumLibrary">
<arg>customer-success</arg>
<doc>Verifies that the current URL contains ``expected``.</doc>
<msg timestamp="20230716 17:21:35.233" level="INFO">Current location contains 'customer-success'.</msg>
<status status="PASS" starttime="20230716 17:21:35.013" endtime="20230716 17:21:35.233"/>
</kw>
<kw name="Sleep" library="BuiltIn">
<arg>3</arg>
<doc>Pauses the test executed for the given time.</doc>
<msg timestamp="20230716 17:21:38.238" level="INFO">Slept 3 seconds</msg>
<status status="PASS" starttime="20230716 17:21:35.234" endtime="20230716 17:21:38.238"/>
</kw>
<status status="PASS" starttime="20230716 17:21:27.143" endtime="20230716 17:21:38.238"/>
</kw>
<kw name="Close The Browser" library="Common">
<kw name="Close Browser" library="SeleniumLibrary">
<doc>Closes the current browser.</doc>
<status status="PASS" starttime="20230716 17:21:38.240" endtime="20230716 17:21:40.549"/>
</kw>
<status status="PASS" starttime="20230716 17:21:38.239" endtime="20230716 17:21:40.549"/>
</kw>
<doc>This is basic info about test</doc>
<tag>Contacts</tag>
<tag>ID-1006</tag>
<tag>Smoke</tag>
<status status="PASS" starttime="20230716 17:21:17.167" endtime="20230716 17:21:40.552"/>
</test>
<doc>Basic info about the suite</doc>
<status status="PASS" starttime="20230716 17:21:16.886" endtime="20230716 17:21:40.557"/>
</suite>
<statistics>
<total>
<stat pass="1" fail="0" skip="0">All Tests</stat>
</total>
<tag>
<stat pass="1" fail="0" skip="0">Contacts</stat>
<stat pass="1" fail="0" skip="0">ID-1006</stat>
<stat pass="1" fail="0" skip="0">Smoke</stat>
</tag>
<suite>
<stat pass="1" fail="0" skip="0" id="s1" name="Crm">Crm</stat>
</suite>
</statistics>
<errors>
</errors>
</robot>
